Build started 18/02/2014 23:32:53.
     1>Project "C:\Users\Gal\Dropbox\PectoScript\SimpleDirect2dApplication.vcxproj" on node 2 (Build target(s)).
     1>ClCompile:
         C:\Program Files (x86)\Microsoft Visual Studio 12.0\VC\bin\CL.exe /c /IC:\Users\Gal\Dropbox\PectoScript\packages\cpprestsdk.1.4.0\build\native\../../build/native/include/ /Zi /nologo /W4 /WX /O2 /Oy- /D HAS_CPPRESTSDK /D WIN32 /D NDEBUG /D _WINDOWS /Gm- /EHsc /MD /GS /fp:precise /Zc:wchar_t /Zc:forScope /Fo"Release\\" /Fd"Release\vc120.pdb" /Gd /TP /analyze- /errorReport:prompt Exceptions.cpp GraphicObj.cpp Main.cpp NFC.cpp
         Exceptions.cpp
         GraphicObj.cpp
         Main.cpp
         NFC.cpp
         Generating Code...
       ResourceCompile:
         C:\Program Files (x86)\Windows Kits\8.1\bin\x86\rc.exe /l"0x0409" /IC:\Users\Gal\Dropbox\PectoScript\packages\cpprestsdk.1.4.0\build\native\../../build/native/include/ /nologo /fo"Release\Main.res" Main.rc 
       PreLinkEvent:
         echo IDR_PIXEL_SHADER RCDATA C:\Users\Gal\Dropbox\PectoScript\Release\SimpleDirect2dApplication.fxo > C:\Users\Gal\Dropbox\PectoScript\Release\SimpleDirect2dApplication.resinclude
         :VCEnd
       Link:
         C:\Program Files (x86)\Microsoft Visual Studio 12.0\VC\bin\link.exe /ERRORREPORT:PROMPT /OUT:"C:\Users\Gal\Dropbox\PectoScript\Release\PectoStudioNFC.exe" /INCREMENTAL:NO /NOLOGO C:\Users\Gal\Dropbox\PectoScript\packages\cpprestsdk.1.4.0\build\native\../../build/native/lib/Win32/v120/Release/Desktop/cpprest120_1_4.lib Rpcrt4.lib winmm.lib d2d1.lib dwrite.lib windowscodecs.lib dxgi.lib d3d10_1.lib kernel32.lib user32.lib gdi32.lib winspool.lib comdlg32.lib advapi32.lib shell32.lib ole32.lib oleaut32.lib uuid.lib odbc32.lib odbccp32.lib /MANIFEST /MANIFESTUAC:"level='asInvoker' uiAccess='false'" /manifest:embed /manifestinput:DeclareDPIAware.manifest /DEBUG /PDB:"C:\Users\Gal\Dropbox\PectoScript\Release\PectoStudioNFC.pdb" /SUBSYSTEM:WINDOWS /OPT:REF /OPT:ICF /TLBID:1 /DYNAMICBASE /NXCOMPAT /IMPLIB:"C:\Users\Gal\Dropbox\PectoScript\Release\PectoStudioNFC.lib" /MACHINE:X86 /SAFESEH Release\Main.res
         Release\Exceptions.obj
         Release\GraphicObj.obj
         Release\Main.obj
         Release\NFC.obj
         SimpleDirect2dApplication.vcxproj -> C:\Users\Gal\Dropbox\PectoScript\Release\PectoStudioNFC.exe
     1>Done Building Project "C:\Users\Gal\Dropbox\PectoScript\SimpleDirect2dApplication.vcxproj" (Build target(s)).

Build succeeded.

Time Elapsed 00:00:16.45
